app/build/intermediates/manifest_merge_blame_file/debug/manifest-merger-blame-debug-report.txt
1<?xml version="1.0" encoding="utf-8"?>
2<manifest xmlns:android="http://schemas.android.com/apk/res/android"
3    package="com.asit.chatoo"
4    android:versionCode="1"
5    android:versionName="1.0" >
6
7    <uses-sdk
8        android:minSdkVersion="27"
8-->src\main\AndroidManifest.xml
9        android:targetSdkVersion="29" />
9-->src\main\AndroidManifest.xml
10
11    <uses-permission android:name="android.permission.INTERNET" />
11-->src\main\AndroidManifest.xml:5:5-67
11-->src\main\AndroidManifest.xml:5:22-64
12    <uses-permission android:name="android.permission.READ_EXTERNAL_STORAGE" />
12-->src\main\AndroidManifest.xml:6:5-80
12-->src\main\AndroidManifest.xml:6:22-77
13    <uses-permission android:name="android.permission.WRITE_EXTERNAL_STORAGE" />
13-->src\main\AndroidManifest.xml:7:5-81
13-->src\main\AndroidManifest.xml:7:22-78
14    <!-- Although the *SdkVersion is captured in gradle build files, this is required for non gradle builds -->
15    <!-- <uses-sdk android:minSdkVersion="14"/> -->
16    <uses-permission android:name="android.permission.ACCESS_NETWORK_STATE" />
16-->[com.google.firebase:firebase-database:19.3.1] AndroidManifest.xml:25:5-79
16-->[com.google.firebase:firebase-database:19.3.1] AndroidManifest.xml:25:22-76
17    <uses-permission android:name="android.permission.WAKE_LOCK" />
17-->[com.google.android.gms:play-services-measurement:17.4.3] AndroidManifest.xml:25:5-68
17-->[com.google.android.gms:play-services-measurement:17.4.3] AndroidManifest.xml:25:22-65
18    <uses-permission android:name="com.google.android.finsky.permission.BIND_GET_INSTALL_REFERRER_SERVICE" /> <!-- Required by older versions of Google Play services to create IID tokens -->
18-->[com.google.android.gms:play-services-measurement:17.4.3] AndroidManifest.xml:26:5-110
18-->[com.google.android.gms:play-services-measurement:17.4.3] AndroidManifest.xml:26:22-107
19    <uses-permission android:name="com.google.android.c2dm.permission.RECEIVE" /> <!-- Permission will be merged into the manifest of the hosting app. -->
19-->[com.google.firebase:firebase-iid:20.2.1] AndroidManifest.xml:26:5-82
19-->[com.google.firebase:firebase-iid:20.2.1] AndroidManifest.xml:26:22-79
20    <!-- Is required to launch foreground extraction service for targetSdkVersion 28+. -->
21    <uses-permission android:name="android.permission.FOREGROUND_SERVICE" />
21-->[com.google.android.play:core:1.7.2] AndroidManifest.xml:8:3-74
21-->[com.google.android.play:core:1.7.2] AndroidManifest.xml:8:20-72
22
23    <application
23-->src\main\AndroidManifest.xml:9:5-54:19
24        android:allowBackup="true"
24-->src\main\AndroidManifest.xml:10:9-35
25        android:appComponentFactory="androidx.core.app.CoreComponentFactory"
25-->[androidx.core:core:1.3.0] AndroidManifest.xml:24:18-86
26        android:debuggable="true"
27        android:extractNativeLibs="false"
28        android:icon="@mipmap/launcher_icon"
28-->src\main\AndroidManifest.xml:11:9-45
29        android:label="@string/app_name"
29-->src\main\AndroidManifest.xml:12:9-41
30        android:roundIcon="@mipmap/launcher_icon"
30-->src\main\AndroidManifest.xml:13:9-50
31        android:supportsRtl="true"
31-->src\main\AndroidManifest.xml:14:9-35
32        android:testOnly="true"
33        android:theme="@style/AppTheme" >
33-->src\main\AndroidManifest.xml:15:9-40
34        <activity
34-->src\main\AndroidManifest.xml:17:9-18:58
35            android:name="com.asit.chatoo.ResetPasswordActivity"
35-->src\main\AndroidManifest.xml:17:19-56
36            android:parentActivityName="com.asit.chatoo.LoginActivity" />
36-->src\main\AndroidManifest.xml:18:13-56
37        <activity android:name="com.asit.chatoo.MessageActivity" />
37-->src\main\AndroidManifest.xml:20:9-53
37-->src\main\AndroidManifest.xml:20:19-50
38        <activity
38-->src\main\AndroidManifest.xml:21:9-23:59
39            android:name="com.asit.chatoo.LoginActivity"
39-->src\main\AndroidManifest.xml:22:13-42
40            android:parentActivityName="com.asit.chatoo.StartActivity" />
40-->src\main\AndroidManifest.xml:23:13-56
41        <activity android:name="com.asit.chatoo.MainActivity" />
41-->src\main\AndroidManifest.xml:24:9-50
41-->src\main\AndroidManifest.xml:24:19-47
42        <activity
42-->src\main\AndroidManifest.xml:25:9-27:59
43            android:name="com.asit.chatoo.RegisterActivity"
43-->src\main\AndroidManifest.xml:26:13-45
44            android:parentActivityName="com.asit.chatoo.StartActivity" />
44-->src\main\AndroidManifest.xml:27:13-56
45        <activity android:name="com.asit.chatoo.StartActivity" >
45-->src\main\AndroidManifest.xml:28:9-34:20
45-->src\main\AndroidManifest.xml:28:19-48
46            <intent-filter>
46-->src\main\AndroidManifest.xml:29:13-33:29
47                <action android:name="android.intent.action.MAIN" />
47-->src\main\AndroidManifest.xml:30:17-69
47-->src\main\AndroidManifest.xml:30:25-66
48
49                <category android:name="android.intent.category.LAUNCHER" />
49-->src\main\AndroidManifest.xml:32:17-77
49-->src\main\AndroidManifest.xml:32:27-74
50            </intent-filter>
51        </activity>
52
53        <service
53-->src\main\AndroidManifest.xml:36:9-43:19
54            android:name="Notification.MyFirebaseIdService"
54-->src\main\AndroidManifest.xml:37:13-60
55            android:enabled="true"
55-->src\main\AndroidManifest.xml:38:13-35
56            android:exported="true" >
56-->src\main\AndroidManifest.xml:39:13-36
57            <intent-filter>
57-->src\main\AndroidManifest.xml:40:13-42:29
58                <action android:name="com.google.firebase.INSTANCE_ID_EVENT" />
58-->src\main\AndroidManifest.xml:41:17-80
58-->src\main\AndroidManifest.xml:41:25-77
59            </intent-filter>
60        </service>
61        <service
61-->src\main\AndroidManifest.xml:45:9-52:19
62            android:name="Notification.MyFirebaseMessaging"
62-->src\main\AndroidManifest.xml:46:13-60
63            android:enabled="true"
63-->src\main\AndroidManifest.xml:47:13-35
64            android:exported="true" >
64-->src\main\AndroidManifest.xml:48:13-36
65            <intent-filter>
65-->src\main\AndroidManifest.xml:49:13-51:29
66                <action android:name="com.google.firebase.MESSAGING_EVENT" />
66-->src\main\AndroidManifest.xml:50:17-78
66-->src\main\AndroidManifest.xml:50:25-75
67            </intent-filter>
68        </service>
69
70        <activity
70-->[com.google.firebase:firebase-auth:19.3.1] AndroidManifest.xml:24:9-31:50
71            android:name="com.google.firebase.auth.internal.FederatedSignInActivity"
71-->[com.google.firebase:firebase-auth:19.3.1] AndroidManifest.xml:25:13-85
72            android:excludeFromRecents="true"
72-->[com.google.firebase:firebase-auth:19.3.1] AndroidManifest.xml:26:13-46
73            android:exported="true"
73-->[com.google.firebase:firebase-auth:19.3.1] AndroidManifest.xml:27:13-36
74            android:launchMode="singleTask"
74-->[com.google.firebase:firebase-auth:19.3.1] AndroidManifest.xml:28:13-44
75            android:permission="com.google.firebase.auth.api.gms.permission.LAUNCH_FEDERATED_SIGN_IN"
75-->[com.google.firebase:firebase-auth:19.3.1] AndroidManifest.xml:29:13-102
76            android:theme="@android:style/Theme.Translucent.NoTitleBar" />
76-->[com.google.firebase:firebase-auth:19.3.1] AndroidManifest.xml:30:13-72
77
78        <service
78-->[com.google.firebase:firebase-auth:19.3.1] AndroidManifest.xml:33:9-39:19
79            android:name="com.google.firebase.components.ComponentDiscoveryService"
79-->[com.google.firebase:firebase-auth:19.3.1] AndroidManifest.xml:34:13-84
80            android:directBootAware="true"
80-->[com.google.firebase:firebase-common:19.3.0] AndroidManifest.xml:34:13-43
81            android:exported="false" >
81-->[com.google.firebase:firebase-auth:19.3.1] AndroidManifest.xml:35:13-37
82            <meta-data
82-->[com.google.firebase:firebase-auth:19.3.1] AndroidManifest.xml:36:13-38:85
83                android:name="com.google.firebase.components:com.google.firebase.auth.FirebaseAuthRegistrar"
83-->[com.google.firebase:firebase-auth:19.3.1] AndroidManifest.xml:37:17-109
84                android:value="com.google.firebase.components.ComponentRegistrar" />
84-->[com.google.firebase:firebase-auth:19.3.1] AndroidManifest.xml:38:17-82
85            <meta-data
85-->[com.google.firebase:firebase-database:19.3.1] AndroidManifest.xml:32:13-34:85
86                android:name="com.google.firebase.components:com.google.firebase.database.DatabaseRegistrar"
86-->[com.google.firebase:firebase-database:19.3.1] AndroidManifest.xml:33:17-109
87                android:value="com.google.firebase.components.ComponentRegistrar" />
87-->[com.google.firebase:firebase-database:19.3.1] AndroidManifest.xml:34:17-82
88            <meta-data
88-->[com.google.firebase:firebase-storage:19.1.1] AndroidManifest.xml:33:13-35:85
89                android:name="com.google.firebase.components:com.google.firebase.storage.StorageRegistrar"
89-->[com.google.firebase:firebase-storage:19.1.1] AndroidManifest.xml:34:17-107
90                android:value="com.google.firebase.components.ComponentRegistrar" />
90-->[com.google.firebase:firebase-storage:19.1.1] AndroidManifest.xml:35:17-82
91            <meta-data
91-->[com.google.firebase:firebase-messaging:20.2.1] AndroidManifest.xml:39:13-41:85
92                android:name="com.google.firebase.components:com.google.firebase.messaging.FirebaseMessagingRegistrar"
92-->[com.google.firebase:firebase-messaging:20.2.1] AndroidManifest.xml:40:17-119
93                android:value="com.google.firebase.components.ComponentRegistrar" />
93-->[com.google.firebase:firebase-messaging:20.2.1] AndroidManifest.xml:41:17-82
94            <meta-data
94-->[com.google.android.gms:play-services-measurement-api:17.4.3] AndroidManifest.xml:30:13-32:85
95                android:name="com.google.firebase.components:com.google.firebase.analytics.connector.internal.AnalyticsConnectorRegistrar"
95-->[com.google.android.gms:play-services-measurement-api:17.4.3] AndroidManifest.xml:31:17-139
96                android:value="com.google.firebase.components.ComponentRegistrar" />
96-->[com.google.android.gms:play-services-measurement-api:17.4.3] AndroidManifest.xml:32:17-82
97            <meta-data
97-->[com.google.firebase:firebase-iid:20.2.1] AndroidManifest.xml:32:13-34:85
98                android:name="com.google.firebase.components:com.google.firebase.iid.Registrar"
98-->[com.google.firebase:firebase-iid:20.2.1] AndroidManifest.xml:33:17-96
99                android:value="com.google.firebase.components.ComponentRegistrar" />
99-->[com.google.firebase:firebase-iid:20.2.1] AndroidManifest.xml:34:17-82
100            <meta-data
100-->[com.google.firebase:firebase-datatransport:17.0.3] AndroidManifest.xml:28:13-30:85
101                android:name="com.google.firebase.components:com.google.firebase.datatransport.TransportRegistrar"
101-->[com.google.firebase:firebase-datatransport:17.0.3] AndroidManifest.xml:29:17-115
102                android:value="com.google.firebase.components.ComponentRegistrar" />
102-->[com.google.firebase:firebase-datatransport:17.0.3] AndroidManifest.xml:30:17-82
103            <meta-data
103-->[com.google.firebase:firebase-installations:16.3.2] AndroidManifest.xml:17:13-19:85
104                android:name="com.google.firebase.components:com.google.firebase.installations.FirebaseInstallationsRegistrar"
104-->[com.google.firebase:firebase-installations:16.3.2] AndroidManifest.xml:18:17-127
105                android:value="com.google.firebase.components.ComponentRegistrar" />
105-->[com.google.firebase:firebase-installations:16.3.2] AndroidManifest.xml:19:17-82
106        </service>
107        <!--
108             FirebaseMessagingService performs security checks at runtime,
109             but set to not exported to explicitly avoid allowing another app to call it.
110        -->
111        <service
111-->[com.google.firebase:firebase-messaging:20.2.1] AndroidManifest.xml:28:9-35:19
112            android:name="com.google.firebase.messaging.FirebaseMessagingService"
112-->[com.google.firebase:firebase-messaging:20.2.1] AndroidManifest.xml:29:13-82
113            android:directBootAware="true"
113-->[com.google.firebase:firebase-messaging:20.2.1] AndroidManifest.xml:30:13-43
114            android:exported="false" >
114-->[com.google.firebase:firebase-messaging:20.2.1] AndroidManifest.xml:31:13-37
115            <intent-filter android:priority="-500" >
115-->src\main\AndroidManifest.xml:49:13-51:29
116                <action android:name="com.google.firebase.MESSAGING_EVENT" />
116-->src\main\AndroidManifest.xml:50:17-78
116-->src\main\AndroidManifest.xml:50:25-75
117            </intent-filter>
118        </service>
119
120        <receiver
120-->[com.google.android.gms:play-services-measurement:17.4.3] AndroidManifest.xml:29:9-33:20
121            android:name="com.google.android.gms.measurement.AppMeasurementReceiver"
121-->[com.google.android.gms:play-services-measurement:17.4.3] AndroidManifest.xml:30:13-85
122            android:enabled="true"
122-->[com.google.android.gms:play-services-measurement:17.4.3] AndroidManifest.xml:31:13-35
123            android:exported="false" >
123-->[com.google.android.gms:play-services-measurement:17.4.3] AndroidManifest.xml:32:13-37
124        </receiver>
125
126        <service
126-->[com.google.android.gms:play-services-measurement:17.4.3] AndroidManifest.xml:35:9-38:40
127            android:name="com.google.android.gms.measurement.AppMeasurementService"
127-->[com.google.android.gms:play-services-measurement:17.4.3] AndroidManifest.xml:36:13-84
128            android:enabled="true"
128-->[com.google.android.gms:play-services-measurement:17.4.3] AndroidManifest.xml:37:13-35
129            android:exported="false" />
129-->[com.google.android.gms:play-services-measurement:17.4.3] AndroidManifest.xml:38:13-37
130        <service
130-->[com.google.android.gms:play-services-measurement:17.4.3] AndroidManifest.xml:39:9-43:72
131            android:name="com.google.android.gms.measurement.AppMeasurementJobService"
131-->[com.google.android.gms:play-services-measurement:17.4.3] AndroidManifest.xml:40:13-87
132            android:enabled="true"
132-->[com.google.android.gms:play-services-measurement:17.4.3] AndroidManifest.xml:41:13-35
133            android:exported="false"
133-->[com.google.android.gms:play-services-measurement:17.4.3] AndroidManifest.xml:42:13-37
134            android:permission="android.permission.BIND_JOB_SERVICE" />
134-->[com.google.android.gms:play-services-measurement:17.4.3] AndroidManifest.xml:43:13-69
135
136        <receiver
136-->[com.google.firebase:firebase-iid:20.2.1] AndroidManifest.xml:37:9-44:20
137            android:name="com.google.firebase.iid.FirebaseInstanceIdReceiver"
137-->[com.google.firebase:firebase-iid:20.2.1] AndroidManifest.xml:38:13-78
138            android:exported="true"
138-->[com.google.firebase:firebase-iid:20.2.1] AndroidManifest.xml:39:13-36
139            android:permission="com.google.android.c2dm.permission.SEND" >
139-->[com.google.firebase:firebase-iid:20.2.1] AndroidManifest.xml:40:13-73
140            <intent-filter>
140-->[com.google.firebase:firebase-iid:20.2.1] AndroidManifest.xml:41:13-43:29
141                <action android:name="com.google.android.c2dm.intent.RECEIVE" />
141-->[com.google.firebase:firebase-iid:20.2.1] AndroidManifest.xml:42:17-81
141-->[com.google.firebase:firebase-iid:20.2.1] AndroidManifest.xml:42:25-78
142            </intent-filter>
143        </receiver>
144
145        <provider
145-->[com.google.firebase:firebase-common:19.3.0] AndroidManifest.xml:26:9-30:39
146            android:name="com.google.firebase.provider.FirebaseInitProvider"
146-->[com.google.firebase:firebase-common:19.3.0] AndroidManifest.xml:27:13-77
147            android:authorities="com.asit.chatoo.firebaseinitprovider"
147-->[com.google.firebase:firebase-common:19.3.0] AndroidManifest.xml:28:13-72
148            android:exported="false"
148-->[com.google.firebase:firebase-common:19.3.0] AndroidManifest.xml:29:13-37
149            android:initOrder="100" />
149-->[com.google.firebase:firebase-common:19.3.0] AndroidManifest.xml:30:13-36
150
151        <service
151-->[com.google.android.datatransport:transport-backend-cct:2.2.0] AndroidManifest.xml:29:9-35:19
152            android:name="com.google.android.datatransport.runtime.backends.TransportBackendDiscovery"
152-->[com.google.android.datatransport:transport-backend-cct:2.2.0] AndroidManifest.xml:30:13-103
153            android:exported="false" >
153-->[com.google.android.datatransport:transport-backend-cct:2.2.0] AndroidManifest.xml:31:13-37
154            <meta-data
154-->[com.google.android.datatransport:transport-backend-cct:2.2.0] AndroidManifest.xml:32:13-34:39
155                android:name="backend:com.google.android.datatransport.cct.CctBackendFactory"
155-->[com.google.android.datatransport:transport-backend-cct:2.2.0] AndroidManifest.xml:33:17-94
156                android:value="cct" />
156-->[com.google.android.datatransport:transport-backend-cct:2.2.0] AndroidManifest.xml:34:17-36
157        </service>
158        <service
158-->[com.google.android.datatransport:transport-runtime:2.2.0] AndroidManifest.xml:26:9-30:19
159            android:name="com.google.android.datatransport.runtime.scheduling.jobscheduling.JobInfoSchedulerService"
159-->[com.google.android.datatransport:transport-runtime:2.2.0] AndroidManifest.xml:27:13-117
160            android:exported="false"
160-->[com.google.android.datatransport:transport-runtime:2.2.0] AndroidManifest.xml:28:13-37
161            android:permission="android.permission.BIND_JOB_SERVICE" >
161-->[com.google.android.datatransport:transport-runtime:2.2.0] AndroidManifest.xml:29:13-69
162        </service>
163
164        <receiver
164-->[com.google.android.datatransport:transport-runtime:2.2.0] AndroidManifest.xml:32:9-34:40
165            android:name="com.google.android.datatransport.runtime.scheduling.jobscheduling.AlarmManagerSchedulerBroadcastReceiver"
165-->[com.google.android.datatransport:transport-runtime:2.2.0] AndroidManifest.xml:33:13-132
166            android:exported="false" />
166-->[com.google.android.datatransport:transport-runtime:2.2.0] AndroidManifest.xml:34:13-37
167
168        <activity
168-->[com.google.android.gms:play-services-base:17.1.0] AndroidManifest.xml:23:9-26:75
169            android:name="com.google.android.gms.common.api.GoogleApiActivity"
169-->[com.google.android.gms:play-services-base:17.1.0] AndroidManifest.xml:24:13-79
170            android:exported="false"
170-->[com.google.android.gms:play-services-base:17.1.0] AndroidManifest.xml:25:13-37
171            android:theme="@android:style/Theme.Translucent.NoTitleBar" />
171-->[com.google.android.gms:play-services-base:17.1.0] AndroidManifest.xml:26:13-72
172
173        <meta-data
173-->[com.google.android.gms:play-services-basement:17.0.0] AndroidManifest.xml:23:9-25:69
174            android:name="com.google.android.gms.version"
174-->[com.google.android.gms:play-services-basement:17.0.0] AndroidManifest.xml:24:13-58
175            android:value="@integer/google_play_services_version" /> <!-- The activities will be merged into the manifest of the hosting app. -->
175-->[com.google.android.gms:play-services-basement:17.0.0] AndroidManifest.xml:25:13-66
176        <activity
176-->[com.google.android.play:core:1.7.2] AndroidManifest.xml:12:5-271
177            android:name="com.google.android.play.core.missingsplits.PlayCoreMissingSplitsActivity"
177-->[com.google.android.play:core:1.7.2] AndroidManifest.xml:12:15-102
178            android:enabled="false"
178-->[com.google.android.play:core:1.7.2] AndroidManifest.xml:12:103-126
179            android:exported="false"
179-->[com.google.android.play:core:1.7.2] AndroidManifest.xml:12:127-151
180            android:launchMode="singleInstance"
180-->[com.google.android.play:core:1.7.2] AndroidManifest.xml:12:204-239
181            android:process=":playcore_missing_splits_activity"
181-->[com.google.android.play:core:1.7.2] AndroidManifest.xml:12:152-203
182            android:stateNotNeeded="true" />
182-->[com.google.android.play:core:1.7.2] AndroidManifest.xml:12:240-269
183        <activity
183-->[com.google.android.play:core:1.7.2] AndroidManifest.xml:13:5-226
184            android:name="com.google.android.play.core.common.PlayCoreDialogWrapperActivity"
184-->[com.google.android.play:core:1.7.2] AndroidManifest.xml:13:15-95
185            android:enabled="false"
185-->[com.google.android.play:core:1.7.2] AndroidManifest.xml:13:96-119
186            android:exported="false"
186-->[com.google.android.play:core:1.7.2] AndroidManifest.xml:13:120-144
187            android:stateNotNeeded="true"
187-->[com.google.android.play:core:1.7.2] AndroidManifest.xml:13:145-174
188            android:theme="@style/Theme.PlayCore.Transparent" /> <!-- The service will be merged into the manifest of the hosting app. -->
188-->[com.google.android.play:core:1.7.2] AndroidManifest.xml:13:175-224
189        <service
189-->[com.google.android.play:core:1.7.2] AndroidManifest.xml:16:5-145
190            android:name="com.google.android.play.core.assetpacks.AssetPackExtractionService"
190-->[com.google.android.play:core:1.7.2] AndroidManifest.xml:16:14-95
191            android:enabled="false"
191-->[com.google.android.play:core:1.7.2] AndroidManifest.xml:16:96-119
192            android:exported="true" />
192-->[com.google.android.play:core:1.7.2] AndroidManifest.xml:16:120-143
193    </application>
194
195</manifest>